<?xml version="1.0" encoding="UTF-8"?>
<!-- Generated by org.testng.reporters.JUnitReportReporter -->
<testsuite hostname="LAPTOP-2CO0AU04" name="main.CucumberRunner" tests="1" failures="0" timestamp="11 May 2019 17:36:22 GMT" time="0.893" errors="0">
  <testcase name="feature" time="0.893" classname="main.CucumberRunner"/>
</testsuite> <!-- main.CucumberRunner -->
